<?xml version="1.0" encoding="UTF-8"?>
<!-- Generated by org.testng.reporters.JUnitReportReporter -->
<testsuite skipped="0" hostname="UE-PC" name="VerifyLogin" tests="1" failures="0" timestamp="2020-02-10T12:41:15 IST" time="14.309" errors="0">
  <testcase name="verifylogin" time="14.309" classname="VerifyLogin"/>
</testsuite> <!-- VerifyLogin -->
